<?xml version="1.0" encoding="UTF-8"?>
<!-- Generated by org.testng.reporters.JUnitReportReporter -->
<testsuite skipped="0" hostname="kammy-HP-Pavilion-dv4-Notebook-PC" name="com.me.AutomationDevelop.homeTest.LoginPF" tests="1" failures="0" timestamp="22 Feb 2019 16:58:51 GMT" time="23.233" errors="0">
  <testcase name="LoginAmazon" time="23.233" classname="com.me.AutomationDevelop.homeTest.LoginPF"/>
</testsuite> <!-- com.me.AutomationDevelop.homeTest.LoginPF -->
