<?xml version="1.0" encoding="UTF-8"?>
<!-- Generated by org.testng.reporters.JUnitReportReporter -->
<testsuite skipped="0" hostname="PNL-1H883H2" name="com.me.AutomationDevelop.homeTest.LoginPF" tests="1" failures="0" timestamp="26 Nov 2019 18:34:40 GMT" time="54.393" errors="0">
  <testcase name="LoginAmazon" time="54.393" classname="com.me.AutomationDevelop.homeTest.LoginPF"/>
</testsuite> <!-- com.me.AutomationDevelop.homeTest.LoginPF -->
