<?xml version="1.0" encoding="UTF-8"?>
<!-- Generated by org.testng.reporters.JUnitReportReporter -->
<testsuite skipped="0" hostname="kammy-HP-Pavilion-dv4-Notebook-PC" name="com.me.AutomationDevelop.Automation.AppTest" tests="2" failures="0" timestamp="19 Jan 2019 13:47:26 GMT" time="114.247" errors="0">
  <testcase name="f1" time="31.121" classname="com.me.AutomationDevelop.Automation.AppTest"/>
  <testcase name="f" time="83.126" classname="com.me.AutomationDevelop.Automation.AppTest"/>
</testsuite> <!-- com.me.AutomationDevelop.Automation.AppTest -->
