<?xml version="1.0" encoding="UTF-8"?>
<!-- Generated by org.testng.reporters.JUnitReportReporter -->
<testsuite skipped="0" hostname="PNL-1H883H2" name="com.me.AutomationDevelop.homeTest.LoginPF" tests="1" failures="0" timestamp="25 Dec 2019 09:17:07 GMT" time="39.643" errors="0">
  <testcase name="LoginAmazon" time="39.643" classname="com.me.AutomationDevelop.homeTest.LoginPF"/>
</testsuite> <!-- com.me.AutomationDevelop.homeTest.LoginPF -->
