<?xml version="1.0" encoding="UTF-8"?>
<!-- Generated by org.testng.reporters.JUnitReportReporter -->
<testsuite skipped="0" hostname="kammy-HP-Pavilion-dv4-Notebook-PC" name="com.me.AutomationDevelop.Automation.AmazonTest" tests="1" failures="0" timestamp="13 Jan 2019 14:38:34 GMT" time="28.921" errors="0">
  <testcase name="f" time="28.921" classname="com.me.AutomationDevelop.Automation.AmazonTest"/>
</testsuite> <!-- com.me.AutomationDevelop.Automation.AmazonTest -->
